[    2597ms] [ERROR] Failed to load resource: net::ERR_FAILED @ https://cdn.bsky.app/img/avatar/plain/did:plc:dow4ybjjlhqz4zt6whq7kh5u/bafkreigxnf2dj5munv6t6dydhz5lxvtvzxfz7yodz2lvbljfcjbpidq2ym:0
[    2597ms] [ERROR] Failed to load resource: net::ERR_FAILED @ https://cdn.bsky.app/img/avatar/plain/did:plc:juutyvd4tzpichqfguswmtlu/bafkreihqm6xbqy54i6powxqt5c2t7vpm32sw2ixuymnyqn4rgxnla4dc54:0
[    2597ms] [ERROR] Failed to load resource: net::ERR_FAILED @ https://cdn.bsky.app/img/avatar/plain/did:plc:lmidtahyizyejqz74zeaip67/bafkreigwpglhjrbbowaypdywifqrfzpazadjrgm7n3m3x3n57z42t34zqq:0
[    2597ms] [ERROR] Failed to load resource: net::ERR_FAILED @ https://cdn.bsky.app/img/avatar/plain/did:plc:6nvbzutsgdtou45xqkjpkjuz/bafkreibhlet5svn2llhjwlvrgcxi4rsy7sqv76ewcvwfot7vpwsz6xdfku:0
[    2598ms] [ERROR] Failed to load resource: net::ERR_FAILED @ https://cdn.bsky.app/img/avatar/plain/did:plc:6tug5iys7tltqdu454u3kond/bafkreic2vk425cr34pb5ej5riik6mg4vzwdunvyvuj2lyu4p67cdrpp5ea:0
[    2598ms] [ERROR] Failed to load resource: net::ERR_FAILED @ https://cdn.bsky.app/img/avatar/plain/did:plc:gf7ejby2g6bwsthvtf3ivggv/bafkreifymt4cbiefsldvmyqe64bx2zqv3rfre2ouleqbms6tuwm4recglq:0
[    2598ms] [ERROR] Failed to load resource: net::ERR_FAILED @ https://cdn.bsky.app/img/avatar/plain/did:plc:gnwxm4rvtrjc33icqmyvzhst/bafkreie7r3rf6cn42aqqk2lhfbsw4h6bxfepjaksvkj75vnpvv5v4waa7a:0
[    2598ms] [ERROR] Failed to load resource: net::ERR_FAILED @ https://cdn.bsky.app/img/avatar/plain/did:plc:qttqvv4n3vqqu35qajhcuqlq/bafkreie2p5e2lghaxg6x6veo3dewfuhd6cdarxcwtmbenot76do2wi6kv4:0
[    2598ms] [ERROR] Failed to load resource: net::ERR_FAILED @ https://cdn.bsky.app/img/avatar/plain/did:plc:qwf4izoyeyesijdeyjlity7g/bafkreihlqqnktm4bsf5neztxbi4ebk7lef6gr533p37fzgkrxdnt4hv32a:0
[    2598ms] [ERROR] Failed to load resource: net::ERR_FAILED @ https://cdn.bsky.app/img/avatar/plain/did:plc:y34anx2p6co32wdkcu2tlxez/bafkreifeznbmoy3a72wib345zs4gpkrncihliratpxlq352zsza5fteoyq:0
[   19602ms] [ERROR] Failed to load resource: net::ERR_FAILED @ https://cdn.bsky.app/img/avatar/plain/did:plc:dow4ybjjlhqz4zt6whq7kh5u/bafkreigxnf2dj5munv6t6dydhz5lxvtvzxfz7yodz2lvbljfcjbpidq2ym:0
[   19605ms] [ERROR] Failed to load resource: net::ERR_FAILED @ https://cdn.bsky.app/img/avatar/plain/did:plc:juutyvd4tzpichqfguswmtlu/bafkreihqm6xbqy54i6powxqt5c2t7vpm32sw2ixuymnyqn4rgxnla4dc54:0
[   19605ms] [ERROR] Failed to load resource: net::ERR_FAILED @ https://cdn.bsky.app/img/avatar/plain/did:plc:lmidtahyizyejqz74zeaip67/bafkreigwpglhjrbbowaypdywifqrfzpazadjrgm7n3m3x3n57z42t34zqq:0
[   19606ms] [ERROR] Failed to load resource: net::ERR_FAILED @ https://cdn.bsky.app/img/avatar/plain/did:plc:6nvbzutsgdtou45xqkjpkjuz/bafkreibhlet5svn2llhjwlvrgcxi4rsy7sqv76ewcvwfot7vpwsz6xdfku:0
[   19610ms] [ERROR] Failed to load resource: net::ERR_FAILED @ https://cdn.bsky.app/img/avatar/plain/did:plc:6tug5iys7tltqdu454u3kond/bafkreic2vk425cr34pb5ej5riik6mg4vzwdunvyvuj2lyu4p67cdrpp5ea:0
[   19610ms] [ERROR] Failed to load resource: net::ERR_FAILED @ https://cdn.bsky.app/img/avatar/plain/did:plc:gf7ejby2g6bwsthvtf3ivggv/bafkreifymt4cbiefsldvmyqe64bx2zqv3rfre2ouleqbms6tuwm4recglq:0
[   19610ms] [ERROR] Failed to load resource: net::ERR_FAILED @ https://cdn.bsky.app/img/avatar/plain/did:plc:gnwxm4rvtrjc33icqmyvzhst/bafkreie7r3rf6cn42aqqk2lhfbsw4h6bxfepjaksvkj75vnpvv5v4waa7a:0
[   19610ms] [ERROR] Failed to load resource: net::ERR_FAILED @ https://cdn.bsky.app/img/avatar/plain/did:plc:qttqvv4n3vqqu35qajhcuqlq/bafkreie2p5e2lghaxg6x6veo3dewfuhd6cdarxcwtmbenot76do2wi6kv4:0
[   19610ms] [ERROR] Failed to load resource: net::ERR_FAILED @ https://cdn.bsky.app/img/avatar/plain/did:plc:qwf4izoyeyesijdeyjlity7g/bafkreihlqqnktm4bsf5neztxbi4ebk7lef6gr533p37fzgkrxdnt4hv32a:0
[   19611ms] [ERROR] Failed to load resource: net::ERR_FAILED @ https://cdn.bsky.app/img/avatar/plain/did:plc:y34anx2p6co32wdkcu2tlxez/bafkreifeznbmoy3a72wib345zs4gpkrncihliratpxlq352zsza5fteoyq:0
[   19677ms] [LOG] [vite] server connection lost. Polling for restart... @ http://localhost:5399/@vite/client:992
[  109165ms] [LOG] [vite] server connection lost. Polling for restart... @ http://localhost:5399/@vite/client:992
[  111501ms] [ERROR] Failed to load resource: net::ERR_CONNECTION_REFUSED @ http://localhost:5399/.svelte-kit/generated/root.js?t=1781164516582:0
[  111500ms] Failed to fetch dynamically imported module: http://localhost:5399/@fs/C:/Users/seana/repos/scratch/bs-01/.svelte-kit/generated/client/app.js
