[     252ms] Failed to register a ServiceWorker for scope ('http://localhost:5399/') with script ('http://localhost:5399/service-worker.js'): ServiceWorker script evaluation failed
[    2607ms] [ERROR] Access to image at 'https://cdn.bsky.app/img/avatar/plain/did:plc:dow4ybjjlhqz4zt6whq7kh5u/bafkreigxnf2dj5munv6t6dydhz5lxvtvzxfz7yodz2lvbljfcjbpidq2ym' from origin 'http://localhost:5399' has been blocked by CORS policy: No 'Access-Control-Allow-Origin' header is present on the requested resource. @ http://localhost:5399/:0
[    2607ms] [ERROR] Failed to load resource: net::ERR_FAILED @ https://cdn.bsky.app/img/avatar/plain/did:plc:dow4ybjjlhqz4zt6whq7kh5u/bafkreigxnf2dj5munv6t6dydhz5lxvtvzxfz7yodz2lvbljfcjbpidq2ym:0
[    2607ms] [ERROR] Access to image at 'https://cdn.bsky.app/img/avatar/plain/did:plc:juutyvd4tzpichqfguswmtlu/bafkreihqm6xbqy54i6powxqt5c2t7vpm32sw2ixuymnyqn4rgxnla4dc54' from origin 'http://localhost:5399' has been blocked by CORS policy: No 'Access-Control-Allow-Origin' header is present on the requested resource. @ http://localhost:5399/:0
[    2607ms] [ERROR] Failed to load resource: net::ERR_FAILED @ https://cdn.bsky.app/img/avatar/plain/did:plc:juutyvd4tzpichqfguswmtlu/bafkreihqm6xbqy54i6powxqt5c2t7vpm32sw2ixuymnyqn4rgxnla4dc54:0
[    2607ms] [ERROR] Access to image at 'https://cdn.bsky.app/img/avatar/plain/did:plc:lmidtahyizyejqz74zeaip67/bafkreigwpglhjrbbowaypdywifqrfzpazadjrgm7n3m3x3n57z42t34zqq' from origin 'http://localhost:5399' has been blocked by CORS policy: No 'Access-Control-Allow-Origin' header is present on the requested resource. @ http://localhost:5399/:0
[    2607ms] [ERROR] Failed to load resource: net::ERR_FAILED @ https://cdn.bsky.app/img/avatar/plain/did:plc:lmidtahyizyejqz74zeaip67/bafkreigwpglhjrbbowaypdywifqrfzpazadjrgm7n3m3x3n57z42t34zqq:0
[    2607ms] [ERROR] Access to image at 'https://cdn.bsky.app/img/avatar/plain/did:plc:6nvbzutsgdtou45xqkjpkjuz/bafkreibhlet5svn2llhjwlvrgcxi4rsy7sqv76ewcvwfot7vpwsz6xdfku' from origin 'http://localhost:5399' has been blocked by CORS policy: No 'Access-Control-Allow-Origin' header is present on the requested resource. @ http://localhost:5399/:0
[    2607ms] [ERROR] Failed to load resource: net::ERR_FAILED @ https://cdn.bsky.app/img/avatar/plain/did:plc:6nvbzutsgdtou45xqkjpkjuz/bafkreibhlet5svn2llhjwlvrgcxi4rsy7sqv76ewcvwfot7vpwsz6xdfku:0
[    2607ms] [ERROR] Access to image at 'https://cdn.bsky.app/img/avatar/plain/did:plc:6tug5iys7tltqdu454u3kond/bafkreic2vk425cr34pb5ej5riik6mg4vzwdunvyvuj2lyu4p67cdrpp5ea' from origin 'http://localhost:5399' has been blocked by CORS policy: No 'Access-Control-Allow-Origin' header is present on the requested resource. @ http://localhost:5399/:0
[    2607ms] [ERROR] Failed to load resource: net::ERR_FAILED @ https://cdn.bsky.app/img/avatar/plain/did:plc:6tug5iys7tltqdu454u3kond/bafkreic2vk425cr34pb5ej5riik6mg4vzwdunvyvuj2lyu4p67cdrpp5ea:0
[    2607ms] [ERROR] Access to image at 'https://cdn.bsky.app/img/avatar/plain/did:plc:gf7ejby2g6bwsthvtf3ivggv/bafkreifymt4cbiefsldvmyqe64bx2zqv3rfre2ouleqbms6tuwm4recglq' from origin 'http://localhost:5399' has been blocked by CORS policy: No 'Access-Control-Allow-Origin' header is present on the requested resource. @ http://localhost:5399/:0
[    2607ms] [ERROR] Failed to load resource: net::ERR_FAILED @ https://cdn.bsky.app/img/avatar/plain/did:plc:gf7ejby2g6bwsthvtf3ivggv/bafkreifymt4cbiefsldvmyqe64bx2zqv3rfre2ouleqbms6tuwm4recglq:0
[    2608ms] [ERROR] Access to image at 'https://cdn.bsky.app/img/avatar/plain/did:plc:gnwxm4rvtrjc33icqmyvzhst/bafkreie7r3rf6cn42aqqk2lhfbsw4h6bxfepjaksvkj75vnpvv5v4waa7a' from origin 'http://localhost:5399' has been blocked by CORS policy: No 'Access-Control-Allow-Origin' header is present on the requested resource. @ http://localhost:5399/:0
[    2608ms] [ERROR] Failed to load resource: net::ERR_FAILED @ https://cdn.bsky.app/img/avatar/plain/did:plc:gnwxm4rvtrjc33icqmyvzhst/bafkreie7r3rf6cn42aqqk2lhfbsw4h6bxfepjaksvkj75vnpvv5v4waa7a:0
[    2608ms] [ERROR] Access to image at 'https://cdn.bsky.app/img/avatar/plain/did:plc:qttqvv4n3vqqu35qajhcuqlq/bafkreie2p5e2lghaxg6x6veo3dewfuhd6cdarxcwtmbenot76do2wi6kv4' from origin 'http://localhost:5399' has been blocked by CORS policy: No 'Access-Control-Allow-Origin' header is present on the requested resource. @ http://localhost:5399/:0
[    2608ms] [ERROR] Failed to load resource: net::ERR_FAILED @ https://cdn.bsky.app/img/avatar/plain/did:plc:qttqvv4n3vqqu35qajhcuqlq/bafkreie2p5e2lghaxg6x6veo3dewfuhd6cdarxcwtmbenot76do2wi6kv4:0
[    2608ms] [ERROR] Access to image at 'https://cdn.bsky.app/img/avatar/plain/did:plc:qwf4izoyeyesijdeyjlity7g/bafkreihlqqnktm4bsf5neztxbi4ebk7lef6gr533p37fzgkrxdnt4hv32a' from origin 'http://localhost:5399' has been blocked by CORS policy: No 'Access-Control-Allow-Origin' header is present on the requested resource. @ http://localhost:5399/:0
[    2608ms] [ERROR] Failed to load resource: net::ERR_FAILED @ https://cdn.bsky.app/img/avatar/plain/did:plc:qwf4izoyeyesijdeyjlity7g/bafkreihlqqnktm4bsf5neztxbi4ebk7lef6gr533p37fzgkrxdnt4hv32a:0
[    2608ms] [ERROR] Access to image at 'https://cdn.bsky.app/img/avatar/plain/did:plc:y34anx2p6co32wdkcu2tlxez/bafkreifeznbmoy3a72wib345zs4gpkrncihliratpxlq352zsza5fteoyq' from origin 'http://localhost:5399' has been blocked by CORS policy: No 'Access-Control-Allow-Origin' header is present on the requested resource. @ http://localhost:5399/:0
[    2608ms] [ERROR] Failed to load resource: net::ERR_FAILED @ https://cdn.bsky.app/img/avatar/plain/did:plc:y34anx2p6co32wdkcu2tlxez/bafkreifeznbmoy3a72wib345zs4gpkrncihliratpxlq352zsza5fteoyq:0
[    8019ms] Failed to register a ServiceWorker for scope ('http://localhost:5399/') with script ('http://localhost:5399/service-worker.js'): ServiceWorker script evaluation failed
[   11020ms] [ERROR] Access to image at 'https://cdn.bsky.app/img/avatar/plain/did:plc:dow4ybjjlhqz4zt6whq7kh5u/bafkreigxnf2dj5munv6t6dydhz5lxvtvzxfz7yodz2lvbljfcjbpidq2ym' from origin 'http://localhost:5399' has been blocked by CORS policy: No 'Access-Control-Allow-Origin' header is present on the requested resource. @ http://localhost:5399/:0
[   11020ms] [ERROR] Failed to load resource: net::ERR_FAILED @ https://cdn.bsky.app/img/avatar/plain/did:plc:dow4ybjjlhqz4zt6whq7kh5u/bafkreigxnf2dj5munv6t6dydhz5lxvtvzxfz7yodz2lvbljfcjbpidq2ym:0
[   11020ms] [ERROR] Access to image at 'https://cdn.bsky.app/img/avatar/plain/did:plc:juutyvd4tzpichqfguswmtlu/bafkreihqm6xbqy54i6powxqt5c2t7vpm32sw2ixuymnyqn4rgxnla4dc54' from origin 'http://localhost:5399' has been blocked by CORS policy: No 'Access-Control-Allow-Origin' header is present on the requested resource. @ http://localhost:5399/:0
[   11020ms] [ERROR] Failed to load resource: net::ERR_FAILED @ https://cdn.bsky.app/img/avatar/plain/did:plc:juutyvd4tzpichqfguswmtlu/bafkreihqm6xbqy54i6powxqt5c2t7vpm32sw2ixuymnyqn4rgxnla4dc54:0
[   11020ms] [ERROR] Access to image at 'https://cdn.bsky.app/img/avatar/plain/did:plc:lmidtahyizyejqz74zeaip67/bafkreigwpglhjrbbowaypdywifqrfzpazadjrgm7n3m3x3n57z42t34zqq' from origin 'http://localhost:5399' has been blocked by CORS policy: No 'Access-Control-Allow-Origin' header is present on the requested resource. @ http://localhost:5399/:0
[   11020ms] [ERROR] Failed to load resource: net::ERR_FAILED @ https://cdn.bsky.app/img/avatar/plain/did:plc:lmidtahyizyejqz74zeaip67/bafkreigwpglhjrbbowaypdywifqrfzpazadjrgm7n3m3x3n57z42t34zqq:0
[   11020ms] [ERROR] Access to image at 'https://cdn.bsky.app/img/avatar/plain/did:plc:6nvbzutsgdtou45xqkjpkjuz/bafkreibhlet5svn2llhjwlvrgcxi4rsy7sqv76ewcvwfot7vpwsz6xdfku' from origin 'http://localhost:5399' has been blocked by CORS policy: No 'Access-Control-Allow-Origin' header is present on the requested resource. @ http://localhost:5399/:0
[   11020ms] [ERROR] Failed to load resource: net::ERR_FAILED @ https://cdn.bsky.app/img/avatar/plain/did:plc:6nvbzutsgdtou45xqkjpkjuz/bafkreibhlet5svn2llhjwlvrgcxi4rsy7sqv76ewcvwfot7vpwsz6xdfku:0
[   11020ms] [ERROR] Access to image at 'https://cdn.bsky.app/img/avatar/plain/did:plc:6tug5iys7tltqdu454u3kond/bafkreic2vk425cr34pb5ej5riik6mg4vzwdunvyvuj2lyu4p67cdrpp5ea' from origin 'http://localhost:5399' has been blocked by CORS policy: No 'Access-Control-Allow-Origin' header is present on the requested resource. @ http://localhost:5399/:0
[   11020ms] [ERROR] Failed to load resource: net::ERR_FAILED @ https://cdn.bsky.app/img/avatar/plain/did:plc:6tug5iys7tltqdu454u3kond/bafkreic2vk425cr34pb5ej5riik6mg4vzwdunvyvuj2lyu4p67cdrpp5ea:0
[   11020ms] [ERROR] Access to image at 'https://cdn.bsky.app/img/avatar/plain/did:plc:gf7ejby2g6bwsthvtf3ivggv/bafkreifymt4cbiefsldvmyqe64bx2zqv3rfre2ouleqbms6tuwm4recglq' from origin 'http://localhost:5399' has been blocked by CORS policy: No 'Access-Control-Allow-Origin' header is present on the requested resource. @ http://localhost:5399/:0
[   11020ms] [ERROR] Failed to load resource: net::ERR_FAILED @ https://cdn.bsky.app/img/avatar/plain/did:plc:gf7ejby2g6bwsthvtf3ivggv/bafkreifymt4cbiefsldvmyqe64bx2zqv3rfre2ouleqbms6tuwm4recglq:0
[   11020ms] [ERROR] Access to image at 'https://cdn.bsky.app/img/avatar/plain/did:plc:gnwxm4rvtrjc33icqmyvzhst/bafkreie7r3rf6cn42aqqk2lhfbsw4h6bxfepjaksvkj75vnpvv5v4waa7a' from origin 'http://localhost:5399' has been blocked by CORS policy: No 'Access-Control-Allow-Origin' header is present on the requested resource. @ http://localhost:5399/:0
[   11020ms] [ERROR] Failed to load resource: net::ERR_FAILED @ https://cdn.bsky.app/img/avatar/plain/did:plc:gnwxm4rvtrjc33icqmyvzhst/bafkreie7r3rf6cn42aqqk2lhfbsw4h6bxfepjaksvkj75vnpvv5v4waa7a:0
[   11020ms] [ERROR] Access to image at 'https://cdn.bsky.app/img/avatar/plain/did:plc:qttqvv4n3vqqu35qajhcuqlq/bafkreie2p5e2lghaxg6x6veo3dewfuhd6cdarxcwtmbenot76do2wi6kv4' from origin 'http://localhost:5399' has been blocked by CORS policy: No 'Access-Control-Allow-Origin' header is present on the requested resource. @ http://localhost:5399/:0
[   11020ms] [ERROR] Failed to load resource: net::ERR_FAILED @ https://cdn.bsky.app/img/avatar/plain/did:plc:qttqvv4n3vqqu35qajhcuqlq/bafkreie2p5e2lghaxg6x6veo3dewfuhd6cdarxcwtmbenot76do2wi6kv4:0
[   11020ms] [ERROR] Access to image at 'https://cdn.bsky.app/img/avatar/plain/did:plc:qwf4izoyeyesijdeyjlity7g/bafkreihlqqnktm4bsf5neztxbi4ebk7lef6gr533p37fzgkrxdnt4hv32a' from origin 'http://localhost:5399' has been blocked by CORS policy: No 'Access-Control-Allow-Origin' header is present on the requested resource. @ http://localhost:5399/:0
[   11020ms] [ERROR] Failed to load resource: net::ERR_FAILED @ https://cdn.bsky.app/img/avatar/plain/did:plc:qwf4izoyeyesijdeyjlity7g/bafkreihlqqnktm4bsf5neztxbi4ebk7lef6gr533p37fzgkrxdnt4hv32a:0
[   11021ms] [ERROR] Access to image at 'https://cdn.bsky.app/img/avatar/plain/did:plc:y34anx2p6co32wdkcu2tlxez/bafkreifeznbmoy3a72wib345zs4gpkrncihliratpxlq352zsza5fteoyq' from origin 'http://localhost:5399' has been blocked by CORS policy: No 'Access-Control-Allow-Origin' header is present on the requested resource. @ http://localhost:5399/:0
[   11021ms] [ERROR] Failed to load resource: net::ERR_FAILED @ https://cdn.bsky.app/img/avatar/plain/did:plc:y34anx2p6co32wdkcu2tlxez/bafkreifeznbmoy3a72wib345zs4gpkrncihliratpxlq352zsza5fteoyq:0
[   91852ms] [ERROR] Failed to load resource: net::ERR_FAILED @ https://cdn.bsky.app/img/avatar/plain/did:plc:dow4ybjjlhqz4zt6whq7kh5u/bafkreigxnf2dj5munv6t6dydhz5lxvtvzxfz7yodz2lvbljfcjbpidq2ym:0
[   91852ms] [ERROR] Failed to load resource: net::ERR_FAILED @ https://cdn.bsky.app/img/avatar/plain/did:plc:juutyvd4tzpichqfguswmtlu/bafkreihqm6xbqy54i6powxqt5c2t7vpm32sw2ixuymnyqn4rgxnla4dc54:0
[   91852ms] [ERROR] Failed to load resource: net::ERR_FAILED @ https://cdn.bsky.app/img/avatar/plain/did:plc:lmidtahyizyejqz74zeaip67/bafkreigwpglhjrbbowaypdywifqrfzpazadjrgm7n3m3x3n57z42t34zqq:0
[   91852ms] [ERROR] Failed to load resource: net::ERR_FAILED @ https://cdn.bsky.app/img/avatar/plain/did:plc:6nvbzutsgdtou45xqkjpkjuz/bafkreibhlet5svn2llhjwlvrgcxi4rsy7sqv76ewcvwfot7vpwsz6xdfku:0
[   91852ms] [ERROR] Failed to load resource: net::ERR_FAILED @ https://cdn.bsky.app/img/avatar/plain/did:plc:6tug5iys7tltqdu454u3kond/bafkreic2vk425cr34pb5ej5riik6mg4vzwdunvyvuj2lyu4p67cdrpp5ea:0
[   91852ms] [ERROR] Failed to load resource: net::ERR_FAILED @ https://cdn.bsky.app/img/avatar/plain/did:plc:gf7ejby2g6bwsthvtf3ivggv/bafkreifymt4cbiefsldvmyqe64bx2zqv3rfre2ouleqbms6tuwm4recglq:0
[   91852ms] [ERROR] Failed to load resource: net::ERR_FAILED @ https://cdn.bsky.app/img/avatar/plain/did:plc:gnwxm4rvtrjc33icqmyvzhst/bafkreie7r3rf6cn42aqqk2lhfbsw4h6bxfepjaksvkj75vnpvv5v4waa7a:0
[   91852ms] [ERROR] Failed to load resource: net::ERR_FAILED @ https://cdn.bsky.app/img/avatar/plain/did:plc:qttqvv4n3vqqu35qajhcuqlq/bafkreie2p5e2lghaxg6x6veo3dewfuhd6cdarxcwtmbenot76do2wi6kv4:0
[   91853ms] [ERROR] Failed to load resource: net::ERR_FAILED @ https://cdn.bsky.app/img/avatar/plain/did:plc:qwf4izoyeyesijdeyjlity7g/bafkreihlqqnktm4bsf5neztxbi4ebk7lef6gr533p37fzgkrxdnt4hv32a:0
[   91853ms] [ERROR] Failed to load resource: net::ERR_FAILED @ https://cdn.bsky.app/img/avatar/plain/did:plc:y34anx2p6co32wdkcu2tlxez/bafkreifeznbmoy3a72wib345zs4gpkrncihliratpxlq352zsza5fteoyq:0
[   91853ms] [ERROR] Failed to load resource: net::ERR_FAILED @ https://cdn.bsky.app/img/avatar/plain/did:plc:dow4ybjjlhqz4zt6whq7kh5u/bafkreigxnf2dj5munv6t6dydhz5lxvtvzxfz7yodz2lvbljfcjbpidq2ym:0
[   91853ms] [ERROR] Failed to load resource: net::ERR_FAILED @ https://cdn.bsky.app/img/avatar/plain/did:plc:juutyvd4tzpichqfguswmtlu/bafkreihqm6xbqy54i6powxqt5c2t7vpm32sw2ixuymnyqn4rgxnla4dc54:0
[   91853ms] [ERROR] Failed to load resource: net::ERR_FAILED @ https://cdn.bsky.app/img/avatar/plain/did:plc:lmidtahyizyejqz74zeaip67/bafkreigwpglhjrbbowaypdywifqrfzpazadjrgm7n3m3x3n57z42t34zqq:0
[   91853ms] [ERROR] Failed to load resource: net::ERR_FAILED @ https://cdn.bsky.app/img/avatar/plain/did:plc:6nvbzutsgdtou45xqkjpkjuz/bafkreibhlet5svn2llhjwlvrgcxi4rsy7sqv76ewcvwfot7vpwsz6xdfku:0
[   91853ms] [ERROR] Failed to load resource: net::ERR_FAILED @ https://cdn.bsky.app/img/avatar/plain/did:plc:6tug5iys7tltqdu454u3kond/bafkreic2vk425cr34pb5ej5riik6mg4vzwdunvyvuj2lyu4p67cdrpp5ea:0
[   91853ms] [ERROR] Failed to load resource: net::ERR_FAILED @ https://cdn.bsky.app/img/avatar/plain/did:plc:gf7ejby2g6bwsthvtf3ivggv/bafkreifymt4cbiefsldvmyqe64bx2zqv3rfre2ouleqbms6tuwm4recglq:0
[   91853ms] [ERROR] Failed to load resource: net::ERR_FAILED @ https://cdn.bsky.app/img/avatar/plain/did:plc:gnwxm4rvtrjc33icqmyvzhst/bafkreie7r3rf6cn42aqqk2lhfbsw4h6bxfepjaksvkj75vnpvv5v4waa7a:0
[   91853ms] [ERROR] Failed to load resource: net::ERR_FAILED @ https://cdn.bsky.app/img/avatar/plain/did:plc:qttqvv4n3vqqu35qajhcuqlq/bafkreie2p5e2lghaxg6x6veo3dewfuhd6cdarxcwtmbenot76do2wi6kv4:0
[   91853ms] [ERROR] Failed to load resource: net::ERR_FAILED @ https://cdn.bsky.app/img/avatar/plain/did:plc:qwf4izoyeyesijdeyjlity7g/bafkreihlqqnktm4bsf5neztxbi4ebk7lef6gr533p37fzgkrxdnt4hv32a:0
[   91853ms] [ERROR] Failed to load resource: net::ERR_FAILED @ https://cdn.bsky.app/img/avatar/plain/did:plc:y34anx2p6co32wdkcu2tlxez/bafkreifeznbmoy3a72wib345zs4gpkrncihliratpxlq352zsza5fteoyq:0
[  115336ms] [ERROR] Failed to load resource: net::ERR_FAILED @ https://cdn.bsky.app/img/avatar/plain/did:plc:dow4ybjjlhqz4zt6whq7kh5u/bafkreigxnf2dj5munv6t6dydhz5lxvtvzxfz7yodz2lvbljfcjbpidq2ym:0
[  115336ms] [ERROR] Failed to load resource: net::ERR_FAILED @ https://cdn.bsky.app/img/avatar/plain/did:plc:juutyvd4tzpichqfguswmtlu/bafkreihqm6xbqy54i6powxqt5c2t7vpm32sw2ixuymnyqn4rgxnla4dc54:0
[  115336ms] [ERROR] Failed to load resource: net::ERR_FAILED @ https://cdn.bsky.app/img/avatar/plain/did:plc:lmidtahyizyejqz74zeaip67/bafkreigwpglhjrbbowaypdywifqrfzpazadjrgm7n3m3x3n57z42t34zqq:0
[  115336ms] [ERROR] Failed to load resource: net::ERR_FAILED @ https://cdn.bsky.app/img/avatar/plain/did:plc:6nvbzutsgdtou45xqkjpkjuz/bafkreibhlet5svn2llhjwlvrgcxi4rsy7sqv76ewcvwfot7vpwsz6xdfku:0
[  115336ms] [ERROR] Failed to load resource: net::ERR_FAILED @ https://cdn.bsky.app/img/avatar/plain/did:plc:6tug5iys7tltqdu454u3kond/bafkreic2vk425cr34pb5ej5riik6mg4vzwdunvyvuj2lyu4p67cdrpp5ea:0
[  115336ms] [ERROR] Failed to load resource: net::ERR_FAILED @ https://cdn.bsky.app/img/avatar/plain/did:plc:dow4ybjjlhqz4zt6whq7kh5u/bafkreigxnf2dj5munv6t6dydhz5lxvtvzxfz7yodz2lvbljfcjbpidq2ym:0
[  115336ms] [ERROR] Failed to load resource: net::ERR_FAILED @ https://cdn.bsky.app/img/avatar/plain/did:plc:juutyvd4tzpichqfguswmtlu/bafkreihqm6xbqy54i6powxqt5c2t7vpm32sw2ixuymnyqn4rgxnla4dc54:0
[  115337ms] [ERROR] Failed to load resource: net::ERR_FAILED @ https://cdn.bsky.app/img/avatar/plain/did:plc:lmidtahyizyejqz74zeaip67/bafkreigwpglhjrbbowaypdywifqrfzpazadjrgm7n3m3x3n57z42t34zqq:0
[  115337ms] [ERROR] Failed to load resource: net::ERR_FAILED @ https://cdn.bsky.app/img/avatar/plain/did:plc:6nvbzutsgdtou45xqkjpkjuz/bafkreibhlet5svn2llhjwlvrgcxi4rsy7sqv76ewcvwfot7vpwsz6xdfku:0
[  115337ms] [ERROR] Failed to load resource: net::ERR_FAILED @ https://cdn.bsky.app/img/avatar/plain/did:plc:6tug5iys7tltqdu454u3kond/bafkreic2vk425cr34pb5ej5riik6mg4vzwdunvyvuj2lyu4p67cdrpp5ea:0
[  115337ms] [ERROR] Failed to load resource: net::ERR_FAILED @ https://cdn.bsky.app/img/avatar/plain/did:plc:gf7ejby2g6bwsthvtf3ivggv/bafkreifymt4cbiefsldvmyqe64bx2zqv3rfre2ouleqbms6tuwm4recglq:0
[  115337ms] [ERROR] Failed to load resource: net::ERR_FAILED @ https://cdn.bsky.app/img/avatar/plain/did:plc:gnwxm4rvtrjc33icqmyvzhst/bafkreie7r3rf6cn42aqqk2lhfbsw4h6bxfepjaksvkj75vnpvv5v4waa7a:0
[  115337ms] [ERROR] Failed to load resource: net::ERR_FAILED @ https://cdn.bsky.app/img/avatar/plain/did:plc:qttqvv4n3vqqu35qajhcuqlq/bafkreie2p5e2lghaxg6x6veo3dewfuhd6cdarxcwtmbenot76do2wi6kv4:0
[  115337ms] [ERROR] Failed to load resource: net::ERR_FAILED @ https://cdn.bsky.app/img/avatar/plain/did:plc:qwf4izoyeyesijdeyjlity7g/bafkreihlqqnktm4bsf5neztxbi4ebk7lef6gr533p37fzgkrxdnt4hv32a:0
[  115337ms] [ERROR] Failed to load resource: net::ERR_FAILED @ https://cdn.bsky.app/img/avatar/plain/did:plc:y34anx2p6co32wdkcu2tlxez/bafkreifeznbmoy3a72wib345zs4gpkrncihliratpxlq352zsza5fteoyq:0
[  115337ms] [ERROR] Failed to load resource: net::ERR_FAILED @ https://cdn.bsky.app/img/avatar/plain/did:plc:gf7ejby2g6bwsthvtf3ivggv/bafkreifymt4cbiefsldvmyqe64bx2zqv3rfre2ouleqbms6tuwm4recglq:0
[  115337ms] [ERROR] Failed to load resource: net::ERR_FAILED @ https://cdn.bsky.app/img/avatar/plain/did:plc:gnwxm4rvtrjc33icqmyvzhst/bafkreie7r3rf6cn42aqqk2lhfbsw4h6bxfepjaksvkj75vnpvv5v4waa7a:0
[  115337ms] [ERROR] Failed to load resource: net::ERR_FAILED @ https://cdn.bsky.app/img/avatar/plain/did:plc:qttqvv4n3vqqu35qajhcuqlq/bafkreie2p5e2lghaxg6x6veo3dewfuhd6cdarxcwtmbenot76do2wi6kv4:0
[  115337ms] [ERROR] Failed to load resource: net::ERR_FAILED @ https://cdn.bsky.app/img/avatar/plain/did:plc:qwf4izoyeyesijdeyjlity7g/bafkreihlqqnktm4bsf5neztxbi4ebk7lef6gr533p37fzgkrxdnt4hv32a:0
[  115337ms] [ERROR] Failed to load resource: net::ERR_FAILED @ https://cdn.bsky.app/img/avatar/plain/did:plc:y34anx2p6co32wdkcu2tlxez/bafkreifeznbmoy3a72wib345zs4gpkrncihliratpxlq352zsza5fteoyq:0
[  124551ms] [ERROR] Failed to load resource: net::ERR_FAILED @ https://cdn.bsky.app/img/avatar/plain/did:plc:dow4ybjjlhqz4zt6whq7kh5u/bafkreigxnf2dj5munv6t6dydhz5lxvtvzxfz7yodz2lvbljfcjbpidq2ym:0
[  124551ms] [ERROR] Failed to load resource: net::ERR_FAILED @ https://cdn.bsky.app/img/avatar/plain/did:plc:juutyvd4tzpichqfguswmtlu/bafkreihqm6xbqy54i6powxqt5c2t7vpm32sw2ixuymnyqn4rgxnla4dc54:0
[  124552ms] [ERROR] Failed to load resource: net::ERR_FAILED @ https://cdn.bsky.app/img/avatar/plain/did:plc:lmidtahyizyejqz74zeaip67/bafkreigwpglhjrbbowaypdywifqrfzpazadjrgm7n3m3x3n57z42t34zqq:0
[  124552ms] [ERROR] Failed to load resource: net::ERR_FAILED @ https://cdn.bsky.app/img/avatar/plain/did:plc:6nvbzutsgdtou45xqkjpkjuz/bafkreibhlet5svn2llhjwlvrgcxi4rsy7sqv76ewcvwfot7vpwsz6xdfku:0
[  124552ms] [ERROR] Failed to load resource: net::ERR_FAILED @ https://cdn.bsky.app/img/avatar/plain/did:plc:6tug5iys7tltqdu454u3kond/bafkreic2vk425cr34pb5ej5riik6mg4vzwdunvyvuj2lyu4p67cdrpp5ea:0
[  124552ms] [ERROR] Failed to load resource: net::ERR_FAILED @ https://cdn.bsky.app/img/avatar/plain/did:plc:gf7ejby2g6bwsthvtf3ivggv/bafkreifymt4cbiefsldvmyqe64bx2zqv3rfre2ouleqbms6tuwm4recglq:0
[  124552ms] [ERROR] Failed to load resource: net::ERR_FAILED @ https://cdn.bsky.app/img/avatar/plain/did:plc:gnwxm4rvtrjc33icqmyvzhst/bafkreie7r3rf6cn42aqqk2lhfbsw4h6bxfepjaksvkj75vnpvv5v4waa7a:0
[  124552ms] [ERROR] Failed to load resource: net::ERR_FAILED @ https://cdn.bsky.app/img/avatar/plain/did:plc:qttqvv4n3vqqu35qajhcuqlq/bafkreie2p5e2lghaxg6x6veo3dewfuhd6cdarxcwtmbenot76do2wi6kv4:0
[  124552ms] [ERROR] Failed to load resource: net::ERR_FAILED @ https://cdn.bsky.app/img/avatar/plain/did:plc:dow4ybjjlhqz4zt6whq7kh5u/bafkreigxnf2dj5munv6t6dydhz5lxvtvzxfz7yodz2lvbljfcjbpidq2ym:0
[  124552ms] [ERROR] Failed to load resource: net::ERR_FAILED @ https://cdn.bsky.app/img/avatar/plain/did:plc:juutyvd4tzpichqfguswmtlu/bafkreihqm6xbqy54i6powxqt5c2t7vpm32sw2ixuymnyqn4rgxnla4dc54:0
[  124552ms] [ERROR] Failed to load resource: net::ERR_FAILED @ https://cdn.bsky.app/img/avatar/plain/did:plc:lmidtahyizyejqz74zeaip67/bafkreigwpglhjrbbowaypdywifqrfzpazadjrgm7n3m3x3n57z42t34zqq:0
[  124552ms] [ERROR] Failed to load resource: net::ERR_FAILED @ https://cdn.bsky.app/img/avatar/plain/did:plc:6nvbzutsgdtou45xqkjpkjuz/bafkreibhlet5svn2llhjwlvrgcxi4rsy7sqv76ewcvwfot7vpwsz6xdfku:0
[  124552ms] [ERROR] Failed to load resource: net::ERR_FAILED @ https://cdn.bsky.app/img/avatar/plain/did:plc:6tug5iys7tltqdu454u3kond/bafkreic2vk425cr34pb5ej5riik6mg4vzwdunvyvuj2lyu4p67cdrpp5ea:0
[  124552ms] [ERROR] Failed to load resource: net::ERR_FAILED @ https://cdn.bsky.app/img/avatar/plain/did:plc:gf7ejby2g6bwsthvtf3ivggv/bafkreifymt4cbiefsldvmyqe64bx2zqv3rfre2ouleqbms6tuwm4recglq:0
[  124552ms] [ERROR] Failed to load resource: net::ERR_FAILED @ https://cdn.bsky.app/img/avatar/plain/did:plc:qwf4izoyeyesijdeyjlity7g/bafkreihlqqnktm4bsf5neztxbi4ebk7lef6gr533p37fzgkrxdnt4hv32a:0
[  124552ms] [ERROR] Failed to load resource: net::ERR_FAILED @ https://cdn.bsky.app/img/avatar/plain/did:plc:y34anx2p6co32wdkcu2tlxez/bafkreifeznbmoy3a72wib345zs4gpkrncihliratpxlq352zsza5fteoyq:0
[  124552ms] [ERROR] Failed to load resource: net::ERR_FAILED @ https://cdn.bsky.app/img/avatar/plain/did:plc:gnwxm4rvtrjc33icqmyvzhst/bafkreie7r3rf6cn42aqqk2lhfbsw4h6bxfepjaksvkj75vnpvv5v4waa7a:0
[  124552ms] [ERROR] Failed to load resource: net::ERR_FAILED @ https://cdn.bsky.app/img/avatar/plain/did:plc:qttqvv4n3vqqu35qajhcuqlq/bafkreie2p5e2lghaxg6x6veo3dewfuhd6cdarxcwtmbenot76do2wi6kv4:0
[  124552ms] [ERROR] Failed to load resource: net::ERR_FAILED @ https://cdn.bsky.app/img/avatar/plain/did:plc:qwf4izoyeyesijdeyjlity7g/bafkreihlqqnktm4bsf5neztxbi4ebk7lef6gr533p37fzgkrxdnt4hv32a:0
[  124552ms] [ERROR] Failed to load resource: net::ERR_FAILED @ https://cdn.bsky.app/img/avatar/plain/did:plc:y34anx2p6co32wdkcu2tlxez/bafkreifeznbmoy3a72wib345zs4gpkrncihliratpxlq352zsza5fteoyq:0
