[   83762ms] [ERROR] Failed to load resource: net::ERR_FAILED @ https://cdn.bsky.app/img/avatar/plain/did:plc:dow4ybjjlhqz4zt6whq7kh5u/bafkreigxnf2dj5munv6t6dydhz5lxvtvzxfz7yodz2lvbljfcjbpidq2ym:0
[   83763ms] [ERROR] Failed to load resource: net::ERR_FAILED @ https://cdn.bsky.app/img/avatar/plain/did:plc:juutyvd4tzpichqfguswmtlu/bafkreihqm6xbqy54i6powxqt5c2t7vpm32sw2ixuymnyqn4rgxnla4dc54:0
[   83763ms] [ERROR] Failed to load resource: net::ERR_FAILED @ https://cdn.bsky.app/img/avatar/plain/did:plc:lmidtahyizyejqz74zeaip67/bafkreigwpglhjrbbowaypdywifqrfzpazadjrgm7n3m3x3n57z42t34zqq:0
[   83763ms] [ERROR] Failed to load resource: net::ERR_FAILED @ https://cdn.bsky.app/img/avatar/plain/did:plc:6nvbzutsgdtou45xqkjpkjuz/bafkreibhlet5svn2llhjwlvrgcxi4rsy7sqv76ewcvwfot7vpwsz6xdfku:0
[   83763ms] [ERROR] Failed to load resource: net::ERR_FAILED @ https://cdn.bsky.app/img/avatar/plain/did:plc:6tug5iys7tltqdu454u3kond/bafkreic2vk425cr34pb5ej5riik6mg4vzwdunvyvuj2lyu4p67cdrpp5ea:0
[   83763ms] [ERROR] Failed to load resource: net::ERR_FAILED @ https://cdn.bsky.app/img/avatar/plain/did:plc:gf7ejby2g6bwsthvtf3ivggv/bafkreifymt4cbiefsldvmyqe64bx2zqv3rfre2ouleqbms6tuwm4recglq:0
[   83763ms] [ERROR] Failed to load resource: net::ERR_FAILED @ https://cdn.bsky.app/img/avatar/plain/did:plc:gnwxm4rvtrjc33icqmyvzhst/bafkreie7r3rf6cn42aqqk2lhfbsw4h6bxfepjaksvkj75vnpvv5v4waa7a:0
[   83763ms] [ERROR] Failed to load resource: net::ERR_FAILED @ https://cdn.bsky.app/img/avatar/plain/did:plc:qttqvv4n3vqqu35qajhcuqlq/bafkreie2p5e2lghaxg6x6veo3dewfuhd6cdarxcwtmbenot76do2wi6kv4:0
[   83763ms] [ERROR] Failed to load resource: net::ERR_FAILED @ https://cdn.bsky.app/img/avatar/plain/did:plc:qwf4izoyeyesijdeyjlity7g/bafkreihlqqnktm4bsf5neztxbi4ebk7lef6gr533p37fzgkrxdnt4hv32a:0
[   83763ms] [ERROR] Failed to load resource: net::ERR_FAILED @ https://cdn.bsky.app/img/avatar/plain/did:plc:y34anx2p6co32wdkcu2tlxez/bafkreifeznbmoy3a72wib345zs4gpkrncihliratpxlq352zsza5fteoyq:0
[  112957ms] ReferenceError: useThrelte is not defined

	in <unknown>
	in Context.svelte
	in Canvas.svelte
	in +page.svelte
	in +layout.svelte
	in root.svelte
	in undefined

    at Scene (http://localhost:5399/src/lib/Scene.svelte?t=1781163957871:27:21)
    at http://localhost:5399/node_modules/.vite/deps/client-DtgeBvS2.js?v=1d7d132f:699:62
    at update_reaction (http://localhost:5399/node_modules/.vite/deps/runtime-DsMHK6me.js?v=1d7d132f:4883:16)
    at update_effect (http://localhost:5399/node_modules/.vite/deps/runtime-DsMHK6me.js?v=1d7d132f:4983:18)
    at create_effect (http://localhost:5399/node_modules/.vite/deps/runtime-DsMHK6me.js?v=1d7d132f:4307:4)
    at branch (http://localhost:5399/node_modules/.vite/deps/runtime-DsMHK6me.js?v=1d7d132f:4516:9)
    at http://localhost:5399/node_modules/.vite/deps/client-DtgeBvS2.js?v=1d7d132f:696:13
    at update_reaction (http://localhost:5399/node_modules/.vite/deps/runtime-DsMHK6me.js?v=1d7d132f:4883:16)
    at update_effect (http://localhost:5399/node_modules/.vite/deps/runtime-DsMHK6me.js?v=1d7d132f:4983:18)
    at #traverse (http://localhost:5399/node_modules/.vite/deps/runtime-DsMHK6me.js?v=1d7d132f:2845:6)
[  120113ms] [ERROR] Failed to load resource: net::ERR_FAILED @ https://cdn.bsky.app/img/avatar/plain/did:plc:dow4ybjjlhqz4zt6whq7kh5u/bafkreigxnf2dj5munv6t6dydhz5lxvtvzxfz7yodz2lvbljfcjbpidq2ym:0
[  120113ms] [ERROR] Failed to load resource: net::ERR_FAILED @ https://cdn.bsky.app/img/avatar/plain/did:plc:juutyvd4tzpichqfguswmtlu/bafkreihqm6xbqy54i6powxqt5c2t7vpm32sw2ixuymnyqn4rgxnla4dc54:0
[  120114ms] [ERROR] Failed to load resource: net::ERR_FAILED @ https://cdn.bsky.app/img/avatar/plain/did:plc:lmidtahyizyejqz74zeaip67/bafkreigwpglhjrbbowaypdywifqrfzpazadjrgm7n3m3x3n57z42t34zqq:0
[  120114ms] [ERROR] Failed to load resource: net::ERR_FAILED @ https://cdn.bsky.app/img/avatar/plain/did:plc:6nvbzutsgdtou45xqkjpkjuz/bafkreibhlet5svn2llhjwlvrgcxi4rsy7sqv76ewcvwfot7vpwsz6xdfku:0
[  120114ms] [ERROR] Failed to load resource: net::ERR_FAILED @ https://cdn.bsky.app/img/avatar/plain/did:plc:6tug5iys7tltqdu454u3kond/bafkreic2vk425cr34pb5ej5riik6mg4vzwdunvyvuj2lyu4p67cdrpp5ea:0
[  120114ms] [ERROR] Failed to load resource: net::ERR_FAILED @ https://cdn.bsky.app/img/avatar/plain/did:plc:gf7ejby2g6bwsthvtf3ivggv/bafkreifymt4cbiefsldvmyqe64bx2zqv3rfre2ouleqbms6tuwm4recglq:0
[  120114ms] [ERROR] Failed to load resource: net::ERR_FAILED @ https://cdn.bsky.app/img/avatar/plain/did:plc:gnwxm4rvtrjc33icqmyvzhst/bafkreie7r3rf6cn42aqqk2lhfbsw4h6bxfepjaksvkj75vnpvv5v4waa7a:0
[  120114ms] [ERROR] Failed to load resource: net::ERR_FAILED @ https://cdn.bsky.app/img/avatar/plain/did:plc:qttqvv4n3vqqu35qajhcuqlq/bafkreie2p5e2lghaxg6x6veo3dewfuhd6cdarxcwtmbenot76do2wi6kv4:0
[  120114ms] [ERROR] Failed to load resource: net::ERR_FAILED @ https://cdn.bsky.app/img/avatar/plain/did:plc:qwf4izoyeyesijdeyjlity7g/bafkreihlqqnktm4bsf5neztxbi4ebk7lef6gr533p37fzgkrxdnt4hv32a:0
[  120114ms] [ERROR] Failed to load resource: net::ERR_FAILED @ https://cdn.bsky.app/img/avatar/plain/did:plc:y34anx2p6co32wdkcu2tlxez/bafkreifeznbmoy3a72wib345zs4gpkrncihliratpxlq352zsza5fteoyq:0
