[    2674ms] [ERROR] Failed to load resource: net::ERR_FAILED @ https://cdn.bsky.app/img/avatar/plain/did:plc:dow4ybjjlhqz4zt6whq7kh5u/bafkreigxnf2dj5munv6t6dydhz5lxvtvzxfz7yodz2lvbljfcjbpidq2ym:0
[    2674ms] [ERROR] Failed to load resource: net::ERR_FAILED @ https://cdn.bsky.app/img/avatar/plain/did:plc:juutyvd4tzpichqfguswmtlu/bafkreihqm6xbqy54i6powxqt5c2t7vpm32sw2ixuymnyqn4rgxnla4dc54:0
[    2674ms] [ERROR] Failed to load resource: net::ERR_FAILED @ https://cdn.bsky.app/img/avatar/plain/did:plc:lmidtahyizyejqz74zeaip67/bafkreigwpglhjrbbowaypdywifqrfzpazadjrgm7n3m3x3n57z42t34zqq:0
[    2674ms] [ERROR] Failed to load resource: net::ERR_FAILED @ https://cdn.bsky.app/img/avatar/plain/did:plc:6nvbzutsgdtou45xqkjpkjuz/bafkreibhlet5svn2llhjwlvrgcxi4rsy7sqv76ewcvwfot7vpwsz6xdfku:0
[    2674ms] [ERROR] Failed to load resource: net::ERR_FAILED @ https://cdn.bsky.app/img/avatar/plain/did:plc:6tug5iys7tltqdu454u3kond/bafkreic2vk425cr34pb5ej5riik6mg4vzwdunvyvuj2lyu4p67cdrpp5ea:0
[    2674ms] [ERROR] Failed to load resource: net::ERR_FAILED @ https://cdn.bsky.app/img/avatar/plain/did:plc:gf7ejby2g6bwsthvtf3ivggv/bafkreifymt4cbiefsldvmyqe64bx2zqv3rfre2ouleqbms6tuwm4recglq:0
[    2674ms] [ERROR] Failed to load resource: net::ERR_FAILED @ https://cdn.bsky.app/img/avatar/plain/did:plc:gnwxm4rvtrjc33icqmyvzhst/bafkreie7r3rf6cn42aqqk2lhfbsw4h6bxfepjaksvkj75vnpvv5v4waa7a:0
[    2674ms] [ERROR] Failed to load resource: net::ERR_FAILED @ https://cdn.bsky.app/img/avatar/plain/did:plc:qttqvv4n3vqqu35qajhcuqlq/bafkreie2p5e2lghaxg6x6veo3dewfuhd6cdarxcwtmbenot76do2wi6kv4:0
[    2674ms] [ERROR] Failed to load resource: net::ERR_FAILED @ https://cdn.bsky.app/img/avatar/plain/did:plc:qwf4izoyeyesijdeyjlity7g/bafkreihlqqnktm4bsf5neztxbi4ebk7lef6gr533p37fzgkrxdnt4hv32a:0
[    2675ms] [ERROR] Failed to load resource: net::ERR_FAILED @ https://cdn.bsky.app/img/avatar/plain/did:plc:y34anx2p6co32wdkcu2tlxez/bafkreifeznbmoy3a72wib345zs4gpkrncihliratpxlq352zsza5fteoyq:0
[    2676ms] [ERROR] Failed to load resource: net::ERR_FAILED @ https://cdn.bsky.app/img/avatar/plain/did:plc:dow4ybjjlhqz4zt6whq7kh5u/bafkreigxnf2dj5munv6t6dydhz5lxvtvzxfz7yodz2lvbljfcjbpidq2ym:0
[    2676ms] [ERROR] [ORB 0] fetch failed: TypeError: Failed to fetch
    at window.fetch (http://localhost:5399/node_modules/.pnpm/@sveltejs+kit@2.64.0_@svelt_b9942b1d12e6f9f9e2d80b131749f298/node_modules/@sveltejs/kit/src/runtime/client/fetcher.js?v=1d7d132f:67:10)
    at http://localhost:5399/src/lib/Orb.svelte?t=1781163398565:31:4
    at untrack (http://localhost:5399/node_modules/.vite/deps/runtime-DsMHK6me.js?v=1d7d132f:5146:10)
    at $effect (http://localhost:5399/node_modules/.vite/deps/client-DtgeBvS2.js?v=1d7d132f:341:19)
    at update_reaction (http://localhost:5399/node_modules/.vite/deps/runtime-DsMHK6me.js?v=1d7d132f:4883:16)
    at update_effect (http://localhost:5399/node_modules/.vite/deps/runtime-DsMHK6me.js?v=1d7d132f:4983:18)
    at flush_queued_effects (http://localhost:5399/node_modules/.vite/deps/runtime-DsMHK6me.js?v=1d7d132f:3208:4)
    at #process (http://localhost:5399/node_modules/.vite/deps/runtime-DsMHK6me.js?v=1d7d132f:2809:3)
    at Batch.flush (http://localhost:5399/node_modules/.vite/deps/runtime-DsMHK6me.js?v=1d7d132f:2950:17)
    at Array.<anonymous> (http://localhost:5399/node_modules/.vite/deps/runtime-DsMHK6me.js?v=1d7d132f:3085:32) @ http://localhost:5399/src/lib/Orb.svelte?t=1781163398565:39
[    2677ms] [ERROR] Failed to load resource: net::ERR_FAILED @ https://cdn.bsky.app/img/avatar/plain/did:plc:juutyvd4tzpichqfguswmtlu/bafkreihqm6xbqy54i6powxqt5c2t7vpm32sw2ixuymnyqn4rgxnla4dc54:0
[    2677ms] [ERROR] [ORB 1] fetch failed: TypeError: Failed to fetch
    at window.fetch (http://localhost:5399/node_modules/.pnpm/@sveltejs+kit@2.64.0_@svelt_b9942b1d12e6f9f9e2d80b131749f298/node_modules/@sveltejs/kit/src/runtime/client/fetcher.js?v=1d7d132f:67:10)
    at http://localhost:5399/src/lib/Orb.svelte?t=1781163398565:31:4
    at untrack (http://localhost:5399/node_modules/.vite/deps/runtime-DsMHK6me.js?v=1d7d132f:5146:10)
    at $effect (http://localhost:5399/node_modules/.vite/deps/client-DtgeBvS2.js?v=1d7d132f:341:19)
    at update_reaction (http://localhost:5399/node_modules/.vite/deps/runtime-DsMHK6me.js?v=1d7d132f:4883:16)
    at update_effect (http://localhost:5399/node_modules/.vite/deps/runtime-DsMHK6me.js?v=1d7d132f:4983:18)
    at flush_queued_effects (http://localhost:5399/node_modules/.vite/deps/runtime-DsMHK6me.js?v=1d7d132f:3208:4)
    at #process (http://localhost:5399/node_modules/.vite/deps/runtime-DsMHK6me.js?v=1d7d132f:2809:3)
    at Batch.flush (http://localhost:5399/node_modules/.vite/deps/runtime-DsMHK6me.js?v=1d7d132f:2950:17)
    at Array.<anonymous> (http://localhost:5399/node_modules/.vite/deps/runtime-DsMHK6me.js?v=1d7d132f:3085:32) @ http://localhost:5399/src/lib/Orb.svelte?t=1781163398565:39
[    2677ms] [ERROR] Failed to load resource: net::ERR_FAILED @ https://cdn.bsky.app/img/avatar/plain/did:plc:lmidtahyizyejqz74zeaip67/bafkreigwpglhjrbbowaypdywifqrfzpazadjrgm7n3m3x3n57z42t34zqq:0
[    2677ms] [ERROR] [ORB 2] fetch failed: TypeError: Failed to fetch
    at window.fetch (http://localhost:5399/node_modules/.pnpm/@sveltejs+kit@2.64.0_@svelt_b9942b1d12e6f9f9e2d80b131749f298/node_modules/@sveltejs/kit/src/runtime/client/fetcher.js?v=1d7d132f:67:10)
    at http://localhost:5399/src/lib/Orb.svelte?t=1781163398565:31:4
    at untrack (http://localhost:5399/node_modules/.vite/deps/runtime-DsMHK6me.js?v=1d7d132f:5146:10)
    at $effect (http://localhost:5399/node_modules/.vite/deps/client-DtgeBvS2.js?v=1d7d132f:341:19)
    at update_reaction (http://localhost:5399/node_modules/.vite/deps/runtime-DsMHK6me.js?v=1d7d132f:4883:16)
    at update_effect (http://localhost:5399/node_modules/.vite/deps/runtime-DsMHK6me.js?v=1d7d132f:4983:18)
    at flush_queued_effects (http://localhost:5399/node_modules/.vite/deps/runtime-DsMHK6me.js?v=1d7d132f:3208:4)
    at #process (http://localhost:5399/node_modules/.vite/deps/runtime-DsMHK6me.js?v=1d7d132f:2809:3)
    at Batch.flush (http://localhost:5399/node_modules/.vite/deps/runtime-DsMHK6me.js?v=1d7d132f:2950:17)
    at Array.<anonymous> (http://localhost:5399/node_modules/.vite/deps/runtime-DsMHK6me.js?v=1d7d132f:3085:32) @ http://localhost:5399/src/lib/Orb.svelte?t=1781163398565:39
[    2677ms] [ERROR] Failed to load resource: net::ERR_FAILED @ https://cdn.bsky.app/img/avatar/plain/did:plc:6nvbzutsgdtou45xqkjpkjuz/bafkreibhlet5svn2llhjwlvrgcxi4rsy7sqv76ewcvwfot7vpwsz6xdfku:0
[    2677ms] [ERROR] [ORB 3] fetch failed: TypeError: Failed to fetch
    at window.fetch (http://localhost:5399/node_modules/.pnpm/@sveltejs+kit@2.64.0_@svelt_b9942b1d12e6f9f9e2d80b131749f298/node_modules/@sveltejs/kit/src/runtime/client/fetcher.js?v=1d7d132f:67:10)
    at http://localhost:5399/src/lib/Orb.svelte?t=1781163398565:31:4
    at untrack (http://localhost:5399/node_modules/.vite/deps/runtime-DsMHK6me.js?v=1d7d132f:5146:10)
    at $effect (http://localhost:5399/node_modules/.vite/deps/client-DtgeBvS2.js?v=1d7d132f:341:19)
    at update_reaction (http://localhost:5399/node_modules/.vite/deps/runtime-DsMHK6me.js?v=1d7d132f:4883:16)
    at update_effect (http://localhost:5399/node_modules/.vite/deps/runtime-DsMHK6me.js?v=1d7d132f:4983:18)
    at flush_queued_effects (http://localhost:5399/node_modules/.vite/deps/runtime-DsMHK6me.js?v=1d7d132f:3208:4)
    at #process (http://localhost:5399/node_modules/.vite/deps/runtime-DsMHK6me.js?v=1d7d132f:2809:3)
    at Batch.flush (http://localhost:5399/node_modules/.vite/deps/runtime-DsMHK6me.js?v=1d7d132f:2950:17)
    at Array.<anonymous> (http://localhost:5399/node_modules/.vite/deps/runtime-DsMHK6me.js?v=1d7d132f:3085:32) @ http://localhost:5399/src/lib/Orb.svelte?t=1781163398565:39
[    2678ms] [ERROR] Failed to load resource: net::ERR_FAILED @ https://cdn.bsky.app/img/avatar/plain/did:plc:6tug5iys7tltqdu454u3kond/bafkreic2vk425cr34pb5ej5riik6mg4vzwdunvyvuj2lyu4p67cdrpp5ea:0
[    2678ms] [ERROR] [ORB 4] fetch failed: TypeError: Failed to fetch
    at window.fetch (http://localhost:5399/node_modules/.pnpm/@sveltejs+kit@2.64.0_@svelt_b9942b1d12e6f9f9e2d80b131749f298/node_modules/@sveltejs/kit/src/runtime/client/fetcher.js?v=1d7d132f:67:10)
    at http://localhost:5399/src/lib/Orb.svelte?t=1781163398565:31:4
    at untrack (http://localhost:5399/node_modules/.vite/deps/runtime-DsMHK6me.js?v=1d7d132f:5146:10)
    at $effect (http://localhost:5399/node_modules/.vite/deps/client-DtgeBvS2.js?v=1d7d132f:341:19)
    at update_reaction (http://localhost:5399/node_modules/.vite/deps/runtime-DsMHK6me.js?v=1d7d132f:4883:16)
    at update_effect (http://localhost:5399/node_modules/.vite/deps/runtime-DsMHK6me.js?v=1d7d132f:4983:18)
    at flush_queued_effects (http://localhost:5399/node_modules/.vite/deps/runtime-DsMHK6me.js?v=1d7d132f:3208:4)
    at #process (http://localhost:5399/node_modules/.vite/deps/runtime-DsMHK6me.js?v=1d7d132f:2809:3)
    at Batch.flush (http://localhost:5399/node_modules/.vite/deps/runtime-DsMHK6me.js?v=1d7d132f:2950:17)
    at Array.<anonymous> (http://localhost:5399/node_modules/.vite/deps/runtime-DsMHK6me.js?v=1d7d132f:3085:32) @ http://localhost:5399/src/lib/Orb.svelte?t=1781163398565:39
[    2678ms] [ERROR] Failed to load resource: net::ERR_FAILED @ https://cdn.bsky.app/img/avatar/plain/did:plc:gf7ejby2g6bwsthvtf3ivggv/bafkreifymt4cbiefsldvmyqe64bx2zqv3rfre2ouleqbms6tuwm4recglq:0
[    2678ms] [ERROR] [ORB 5] fetch failed: TypeError: Failed to fetch
    at window.fetch (http://localhost:5399/node_modules/.pnpm/@sveltejs+kit@2.64.0_@svelt_b9942b1d12e6f9f9e2d80b131749f298/node_modules/@sveltejs/kit/src/runtime/client/fetcher.js?v=1d7d132f:67:10)
    at http://localhost:5399/src/lib/Orb.svelte?t=1781163398565:31:4
    at untrack (http://localhost:5399/node_modules/.vite/deps/runtime-DsMHK6me.js?v=1d7d132f:5146:10)
    at $effect (http://localhost:5399/node_modules/.vite/deps/client-DtgeBvS2.js?v=1d7d132f:341:19)
    at update_reaction (http://localhost:5399/node_modules/.vite/deps/runtime-DsMHK6me.js?v=1d7d132f:4883:16)
    at update_effect (http://localhost:5399/node_modules/.vite/deps/runtime-DsMHK6me.js?v=1d7d132f:4983:18)
    at flush_queued_effects (http://localhost:5399/node_modules/.vite/deps/runtime-DsMHK6me.js?v=1d7d132f:3208:4)
    at #process (http://localhost:5399/node_modules/.vite/deps/runtime-DsMHK6me.js?v=1d7d132f:2809:3)
    at Batch.flush (http://localhost:5399/node_modules/.vite/deps/runtime-DsMHK6me.js?v=1d7d132f:2950:17)
    at Array.<anonymous> (http://localhost:5399/node_modules/.vite/deps/runtime-DsMHK6me.js?v=1d7d132f:3085:32) @ http://localhost:5399/src/lib/Orb.svelte?t=1781163398565:39
[    2678ms] [ERROR] Failed to load resource: net::ERR_FAILED @ https://cdn.bsky.app/img/avatar/plain/did:plc:gnwxm4rvtrjc33icqmyvzhst/bafkreie7r3rf6cn42aqqk2lhfbsw4h6bxfepjaksvkj75vnpvv5v4waa7a:0
[    2678ms] [ERROR] [ORB 6] fetch failed: TypeError: Failed to fetch
    at window.fetch (http://localhost:5399/node_modules/.pnpm/@sveltejs+kit@2.64.0_@svelt_b9942b1d12e6f9f9e2d80b131749f298/node_modules/@sveltejs/kit/src/runtime/client/fetcher.js?v=1d7d132f:67:10)
    at http://localhost:5399/src/lib/Orb.svelte?t=1781163398565:31:4
    at untrack (http://localhost:5399/node_modules/.vite/deps/runtime-DsMHK6me.js?v=1d7d132f:5146:10)
    at $effect (http://localhost:5399/node_modules/.vite/deps/client-DtgeBvS2.js?v=1d7d132f:341:19)
    at update_reaction (http://localhost:5399/node_modules/.vite/deps/runtime-DsMHK6me.js?v=1d7d132f:4883:16)
    at update_effect (http://localhost:5399/node_modules/.vite/deps/runtime-DsMHK6me.js?v=1d7d132f:4983:18)
    at flush_queued_effects (http://localhost:5399/node_modules/.vite/deps/runtime-DsMHK6me.js?v=1d7d132f:3208:4)
    at #process (http://localhost:5399/node_modules/.vite/deps/runtime-DsMHK6me.js?v=1d7d132f:2809:3)
    at Batch.flush (http://localhost:5399/node_modules/.vite/deps/runtime-DsMHK6me.js?v=1d7d132f:2950:17)
    at Array.<anonymous> (http://localhost:5399/node_modules/.vite/deps/runtime-DsMHK6me.js?v=1d7d132f:3085:32) @ http://localhost:5399/src/lib/Orb.svelte?t=1781163398565:39
[    2679ms] [ERROR] Failed to load resource: net::ERR_FAILED @ https://cdn.bsky.app/img/avatar/plain/did:plc:qttqvv4n3vqqu35qajhcuqlq/bafkreie2p5e2lghaxg6x6veo3dewfuhd6cdarxcwtmbenot76do2wi6kv4:0
[    2679ms] [ERROR] [ORB 7] fetch failed: TypeError: Failed to fetch
    at window.fetch (http://localhost:5399/node_modules/.pnpm/@sveltejs+kit@2.64.0_@svelt_b9942b1d12e6f9f9e2d80b131749f298/node_modules/@sveltejs/kit/src/runtime/client/fetcher.js?v=1d7d132f:67:10)
    at http://localhost:5399/src/lib/Orb.svelte?t=1781163398565:31:4
    at untrack (http://localhost:5399/node_modules/.vite/deps/runtime-DsMHK6me.js?v=1d7d132f:5146:10)
    at $effect (http://localhost:5399/node_modules/.vite/deps/client-DtgeBvS2.js?v=1d7d132f:341:19)
    at update_reaction (http://localhost:5399/node_modules/.vite/deps/runtime-DsMHK6me.js?v=1d7d132f:4883:16)
    at update_effect (http://localhost:5399/node_modules/.vite/deps/runtime-DsMHK6me.js?v=1d7d132f:4983:18)
    at flush_queued_effects (http://localhost:5399/node_modules/.vite/deps/runtime-DsMHK6me.js?v=1d7d132f:3208:4)
    at #process (http://localhost:5399/node_modules/.vite/deps/runtime-DsMHK6me.js?v=1d7d132f:2809:3)
    at Batch.flush (http://localhost:5399/node_modules/.vite/deps/runtime-DsMHK6me.js?v=1d7d132f:2950:17)
    at Array.<anonymous> (http://localhost:5399/node_modules/.vite/deps/runtime-DsMHK6me.js?v=1d7d132f:3085:32) @ http://localhost:5399/src/lib/Orb.svelte?t=1781163398565:39
[    2679ms] [ERROR] Failed to load resource: net::ERR_FAILED @ https://cdn.bsky.app/img/avatar/plain/did:plc:qwf4izoyeyesijdeyjlity7g/bafkreihlqqnktm4bsf5neztxbi4ebk7lef6gr533p37fzgkrxdnt4hv32a:0
[    2679ms] [ERROR] [ORB 8] fetch failed: TypeError: Failed to fetch
    at window.fetch (http://localhost:5399/node_modules/.pnpm/@sveltejs+kit@2.64.0_@svelt_b9942b1d12e6f9f9e2d80b131749f298/node_modules/@sveltejs/kit/src/runtime/client/fetcher.js?v=1d7d132f:67:10)
    at http://localhost:5399/src/lib/Orb.svelte?t=1781163398565:31:4
    at untrack (http://localhost:5399/node_modules/.vite/deps/runtime-DsMHK6me.js?v=1d7d132f:5146:10)
    at $effect (http://localhost:5399/node_modules/.vite/deps/client-DtgeBvS2.js?v=1d7d132f:341:19)
    at update_reaction (http://localhost:5399/node_modules/.vite/deps/runtime-DsMHK6me.js?v=1d7d132f:4883:16)
    at update_effect (http://localhost:5399/node_modules/.vite/deps/runtime-DsMHK6me.js?v=1d7d132f:4983:18)
    at flush_queued_effects (http://localhost:5399/node_modules/.vite/deps/runtime-DsMHK6me.js?v=1d7d132f:3208:4)
    at #process (http://localhost:5399/node_modules/.vite/deps/runtime-DsMHK6me.js?v=1d7d132f:2809:3)
    at Batch.flush (http://localhost:5399/node_modules/.vite/deps/runtime-DsMHK6me.js?v=1d7d132f:2950:17)
    at Array.<anonymous> (http://localhost:5399/node_modules/.vite/deps/runtime-DsMHK6me.js?v=1d7d132f:3085:32) @ http://localhost:5399/src/lib/Orb.svelte?t=1781163398565:39
[    2679ms] [ERROR] Failed to load resource: net::ERR_FAILED @ https://cdn.bsky.app/img/avatar/plain/did:plc:y34anx2p6co32wdkcu2tlxez/bafkreifeznbmoy3a72wib345zs4gpkrncihliratpxlq352zsza5fteoyq:0
[    2679ms] [ERROR] [ORB 9] fetch failed: TypeError: Failed to fetch
    at window.fetch (http://localhost:5399/node_modules/.pnpm/@sveltejs+kit@2.64.0_@svelt_b9942b1d12e6f9f9e2d80b131749f298/node_modules/@sveltejs/kit/src/runtime/client/fetcher.js?v=1d7d132f:67:10)
    at http://localhost:5399/src/lib/Orb.svelte?t=1781163398565:31:4
    at untrack (http://localhost:5399/node_modules/.vite/deps/runtime-DsMHK6me.js?v=1d7d132f:5146:10)
    at $effect (http://localhost:5399/node_modules/.vite/deps/client-DtgeBvS2.js?v=1d7d132f:341:19)
    at update_reaction (http://localhost:5399/node_modules/.vite/deps/runtime-DsMHK6me.js?v=1d7d132f:4883:16)
    at update_effect (http://localhost:5399/node_modules/.vite/deps/runtime-DsMHK6me.js?v=1d7d132f:4983:18)
    at flush_queued_effects (http://localhost:5399/node_modules/.vite/deps/runtime-DsMHK6me.js?v=1d7d132f:3208:4)
    at #process (http://localhost:5399/node_modules/.vite/deps/runtime-DsMHK6me.js?v=1d7d132f:2809:3)
    at Batch.flush (http://localhost:5399/node_modules/.vite/deps/runtime-DsMHK6me.js?v=1d7d132f:2950:17)
    at Array.<anonymous> (http://localhost:5399/node_modules/.vite/deps/runtime-DsMHK6me.js?v=1d7d132f:3085:32) @ http://localhost:5399/src/lib/Orb.svelte?t=1781163398565:39
[   86481ms] [ERROR] Failed to load resource: net::ERR_FAILED @ https://cdn.bsky.app/img/avatar/plain/did:plc:dow4ybjjlhqz4zt6whq7kh5u/bafkreigxnf2dj5munv6t6dydhz5lxvtvzxfz7yodz2lvbljfcjbpidq2ym:0
[   86481ms] [ERROR] Failed to load resource: net::ERR_FAILED @ https://cdn.bsky.app/img/avatar/plain/did:plc:juutyvd4tzpichqfguswmtlu/bafkreihqm6xbqy54i6powxqt5c2t7vpm32sw2ixuymnyqn4rgxnla4dc54:0
[   86481ms] [ERROR] Failed to load resource: net::ERR_FAILED @ https://cdn.bsky.app/img/avatar/plain/did:plc:lmidtahyizyejqz74zeaip67/bafkreigwpglhjrbbowaypdywifqrfzpazadjrgm7n3m3x3n57z42t34zqq:0
[   86481ms] [ERROR] Failed to load resource: net::ERR_FAILED @ https://cdn.bsky.app/img/avatar/plain/did:plc:6nvbzutsgdtou45xqkjpkjuz/bafkreibhlet5svn2llhjwlvrgcxi4rsy7sqv76ewcvwfot7vpwsz6xdfku:0
[   86482ms] [ERROR] Failed to load resource: net::ERR_FAILED @ https://cdn.bsky.app/img/avatar/plain/did:plc:6tug5iys7tltqdu454u3kond/bafkreic2vk425cr34pb5ej5riik6mg4vzwdunvyvuj2lyu4p67cdrpp5ea:0
[   86482ms] [ERROR] Failed to load resource: net::ERR_FAILED @ https://cdn.bsky.app/img/avatar/plain/did:plc:gf7ejby2g6bwsthvtf3ivggv/bafkreifymt4cbiefsldvmyqe64bx2zqv3rfre2ouleqbms6tuwm4recglq:0
[   86482ms] [ERROR] Failed to load resource: net::ERR_FAILED @ https://cdn.bsky.app/img/avatar/plain/did:plc:gnwxm4rvtrjc33icqmyvzhst/bafkreie7r3rf6cn42aqqk2lhfbsw4h6bxfepjaksvkj75vnpvv5v4waa7a:0
[   86482ms] [ERROR] Failed to load resource: net::ERR_FAILED @ https://cdn.bsky.app/img/avatar/plain/did:plc:qttqvv4n3vqqu35qajhcuqlq/bafkreie2p5e2lghaxg6x6veo3dewfuhd6cdarxcwtmbenot76do2wi6kv4:0
[   86482ms] [ERROR] Failed to load resource: net::ERR_FAILED @ https://cdn.bsky.app/img/avatar/plain/did:plc:qwf4izoyeyesijdeyjlity7g/bafkreihlqqnktm4bsf5neztxbi4ebk7lef6gr533p37fzgkrxdnt4hv32a:0
[   86482ms] [ERROR] Failed to load resource: net::ERR_FAILED @ https://cdn.bsky.app/img/avatar/plain/did:plc:y34anx2p6co32wdkcu2tlxez/bafkreifeznbmoy3a72wib345zs4gpkrncihliratpxlq352zsza5fteoyq:0
